<!DOCTYPE html PUBLIC "-//W3C//DTD XHTML 1.1//EN" "https://www.w3.org/TR/xhtml11/DTD/xhtml11.dtd">
<html xmlns="https://www.w3.org/1999/xhtml">
<head>
<meta http-equiv="content-type" content="text/html; charset=UTF-8"/>
<title>TestNG Report</title>
<style type="text/css">table {margin-bottom:10px;border-collapse:collapse;empty-cells:show}th,td {border:1px solid #009;padding:.25em .5em}th {vertical-align:bottom}td {vertical-align:top}table a {font-weight:bold}.stripe td {background-color: #E6EBF9}.num {text-align:right}.passedodd td {background-color: #3F3}.passedeven td {background-color: #0A0}.skippedodd td {background-color: #DDD}.skippedeven td {background-color: #CCC}.failedodd td,.attn {background-color: #F33}.failedeven td,.stripe .attn {background-color: #D00}.stacktrace {white-space:pre;font-family:monospace}.totop {font-size:85%;text-align:center;border-bottom:2px solid #000}.invisible {display:none}</style>
</head>
<body>
<table>
<tr><th>Test</th><th># Passed</th><th># Skipped</th><th># Retried</th><th># Failed</th><th>Time (ms)</th><th>Included Groups</th><th>Excluded Groups</th></tr>
<tr><th colspan="8">SearchProductSuite</th></tr>
<tr><td><a href="#t0">SearchProductTest</a></td><td class="num">1</td><td class="num attn">1</td><td class="num attn">3</td><td class="num attn">1</td><td class="num">33,285</td><td></td><td></td></tr>
</table>
<table id='summary'><thead><tr><th>Class</th><th>Method</th><th>Start</th><th>Time (ms)</th></tr></thead><tbody><tr><th colspan="4">SearchProductSuite</th></tr></tbody><tbody id="t0"><tr><th colspan="4">SearchProductTest &#8212; failed</th></tr><tr class="failedeven"><td rowspan="1">com.tutorialsninja.qa.testcases.SearchProductTest</td><td><a href="#m0">verifySearchWithInvalidProduct</a></td><td rowspan="1">1686963160046</td><td rowspan="1">446</td></tr><tr><th colspan="4">SearchProductTest &#8212; skipped</th></tr><tr class="skippedeven"><td rowspan="1">com.tutorialsninja.qa.testcases.SearchProductTest</td><td><a href="#m1">verifySearchWithNoProduct</a></td><td rowspan="1">1686963160743</td><td rowspan="1">0</td></tr><tr><th colspan="4">SearchProductTest &#8212; retried</th></tr><tr class="retriedeven"><td rowspan="3">com.tutorialsninja.qa.testcases.SearchProductTest</td><td><a href="#m2">verifySearchWithInvalidProduct</a></td><td rowspan="3">1686963154231</td><td rowspan="3">456</td></tr><tr class="retriedeven"><td><a href="#m3">verifySearchWithInvalidProduct</a></td></tr><tr class="retriedeven"><td><a href="#m4">verifySearchWithInvalidProduct</a></td></tr><tr><th colspan="4">SearchProductTest &#8212; passed</th></tr><tr class="passedeven"><td rowspan="1">com.tutorialsninja.qa.testcases.SearchProductTest</td><td><a href="#m5">verifySearchWithValidProduct</a></td><td rowspan="1">1686963134787</td><td rowspan="1">741</td></tr></tbody>
</table>
<h2>SearchProductTest</h2><h3 id="m0">com.tutorialsninja.qa.testcases.SearchProductTest#verifySearchWithInvalidProduct</h3><table class="result"><tr><th>Exception</th></tr><tr><td><div class="stacktrace">java.lang.AssertionError: The following asserts failed:
	expected [false] but found [true],
	expected [false] but found [true],
	expected [false] but found [true],
	expected [false] but found [true]
	at com.tutorialsninja.qa.testcases.SearchProductTest.verifySearchWithInvalidProduct(SearchProductTest.java:43)
	at java.base/java.util.ArrayList.forEach(ArrayList.java:1511)
... Removed 29 stack frames</div></td></tr></table><p class="totop"><a href="#summary">back to summary</a></p>
<h3 id="m1">com.tutorialsninja.qa.testcases.SearchProductTest#verifySearchWithNoProduct</h3><table class="result"><tr><th>Exception</th></tr><tr><td><div class="stacktrace">java.lang.Throwable: Method SearchProductTest.verifySearchWithNoProduct()[pri:3, instance:com.tutorialsninja.qa.testcases.SearchProductTest@2ed2d9cb] depends on not successfully finished methods
	at java.base/java.util.ArrayList.forEach(ArrayList.java:1511)
... Removed 18 stack frames</div></td></tr></table><p class="totop"><a href="#summary">back to summary</a></p>
<h3 id="m2">com.tutorialsninja.qa.testcases.SearchProductTest#verifySearchWithInvalidProduct</h3><table class="result"><tr><th>Exception</th></tr><tr><td><div class="stacktrace">java.lang.AssertionError: The following asserts failed:
	expected [false] but found [true],
	expected [false] but found [true],
	expected [false] but found [true]
	at com.tutorialsninja.qa.testcases.SearchProductTest.verifySearchWithInvalidProduct(SearchProductTest.java:43)
	at java.base/java.util.ArrayList.forEach(ArrayList.java:1511)
... Removed 29 stack frames</div></td></tr></table><p class="totop"><a href="#summary">back to summary</a></p>
<h3 id="m3">com.tutorialsninja.qa.testcases.SearchProductTest#verifySearchWithInvalidProduct</h3><table class="result"><tr><th>Exception</th></tr><tr><td><div class="stacktrace">java.lang.AssertionError: The following asserts failed:
	expected [false] but found [true]
	at com.tutorialsninja.qa.testcases.SearchProductTest.verifySearchWithInvalidProduct(SearchProductTest.java:43)
	at java.base/java.util.ArrayList.forEach(ArrayList.java:1511)
... Removed 29 stack frames</div></td></tr></table><p class="totop"><a href="#summary">back to summary</a></p>
<h3 id="m4">com.tutorialsninja.qa.testcases.SearchProductTest#verifySearchWithInvalidProduct</h3><table class="result"><tr><th>Exception</th></tr><tr><td><div class="stacktrace">java.lang.AssertionError: The following asserts failed:
	expected [false] but found [true],
	expected [false] but found [true]
	at com.tutorialsninja.qa.testcases.SearchProductTest.verifySearchWithInvalidProduct(SearchProductTest.java:43)
	at java.base/java.util.ArrayList.forEach(ArrayList.java:1511)
... Removed 29 stack frames</div></td></tr></table><p class="totop"><a href="#summary">back to summary</a></p>
<h3 id="m5">com.tutorialsninja.qa.testcases.SearchProductTest#verifySearchWithValidProduct</h3><table class="result"><tr><th class="invisible"/></tr></table><p class="totop"><a href="#summary">back to summary</a></p>
</body>
</html>
